<?xml version="1.0" encoding="UTF-8"?>
<!-- Generated by org.testng.reporters.JUnitReportReporter -->
<testsuite skipped="0" hostname="DESKTOP-482OVNE" name="ExceptionHandlingDemo.ExceptionHandlingWithSeleniumDemo" tests="1" failures="0" timestamp="16 Nov 2018 19:59:20 GMT" time="12.568" errors="0">
  <testcase name="testCase1" time="12.568" classname="ExceptionHandlingDemo.ExceptionHandlingWithSeleniumDemo"/>
</testsuite> <!-- ExceptionHandlingDemo.ExceptionHandlingWithSeleniumDemo -->
